2024-10-15  1:56:46 0 [Note] Starting MariaDB 10.11.6-MariaDB source revision fecd78b83785d5ae96f2c6ff340375be803cd299 as process 29492
2024-10-15  1:56:46 0 [Note] InnoDB: Compressed tables use zlib 1.3
2024-10-15  1:56:46 0 [Note] InnoDB: Number of transaction pools: 1
2024-10-15  1:56:46 0 [Note] InnoDB: Using crc32 + pclmulqdq instructions
2024-10-15  1:56:46 0 [Note] InnoDB: Initializing buffer pool, total size = 128.000MiB, chunk size = 2.000MiB
2024-10-15  1:56:46 0 [Note] InnoDB: Completed initialization of buffer pool
2024-10-15  1:56:46 0 [Note] InnoDB: File system buffers for log disabled (block size=4096 bytes)
2024-10-15  1:56:46 0 [Note] InnoDB: Starting crash recovery from checkpoint LSN=59766988
2024-10-15  1:56:46 0 [Note] InnoDB: End of log at LSN=62005588
2024-10-15  1:56:46 0 [Note] InnoDB: To recover: 191 pages
2024-10-15  1:56:46 0 [Note] InnoDB: 128 rollback segments are active.
2024-10-15  1:56:46 0 [Note] InnoDB: Removed temporary tablespace data file: "./ibtmp1"
2024-10-15  1:56:46 0 [Note] InnoDB: Setting file './ibtmp1' size to 12.000MiB. Physically writing the file full; Please wait ...
2024-10-15  1:56:46 0 [Note] InnoDB: File './ibtmp1' size is now 12.000MiB.
2024-10-15  1:56:46 0 [Note] InnoDB: log sequence number 62005588; transaction id 283978
2024-10-15  1:56:46 0 [Note] Plugin 'FEEDBACK' is disabled.
2024-10-15  1:56:46 0 [Note] InnoDB: Loading buffer pool(s) from D:\servers\artemis-portable-luminous\mariadb\data\ib_buffer_pool
2024-10-15  1:56:46 0 [Note] mysqld.exe: SSPI: using principal name 'localhost', mech 'Negotiate'
2024-10-15  1:56:46 0 [Note] Server socket created on IP: '127.0.0.1'.
2024-10-15  1:56:46 0 [Note] D:\servers\artemis-portable-luminous\mariadb\bin\mysqld.exe: ready for connections.
Version: '10.11.6-MariaDB'  socket: ''  port: 41360  mariadb.org binary distribution
2024-10-15  1:56:46 0 [Note] InnoDB: Buffer pool(s) load completed at 241015  1:56:46
2024-10-15  2:08:42 5 [Warning] Aborted connection 5 to db: 'aime' user: 'aime' host: 'localhost' (Got an error reading communication packets)
2024-10-15  2:22:30 0 [Note] console_event_handler: received CTRL_CLOSE_EVENT event, terminating
